2020-01-08 16:10:01.097  INFO 21004 --- [main] de.stea1th.greetings.Application         : Starting Application on INV241342 with PID 21004 (C:\Users\vlasov\IdeaProjects\birthday_greetings\target\classes started by vlasov in C:\Users\vlasov\IdeaProjects\birthday_greetings)
2020-01-08 16:10:01.104  INFO 21004 --- [main] de.stea1th.greetings.Application         : No active profile set, falling back to default profiles: default
2020-01-08 16:10:01.764  INFO 21004 --- [main] .s.d.r.c.RepositoryConfigurationDelegate : Bootstrapping Spring Data JPA repositories in DEFAULT mode.
2020-01-08 16:10:01.831  INFO 21004 --- [main] .s.d.r.c.RepositoryConfigurationDelegate : Finished Spring Data repository scanning in 60ms. Found 1 JPA repository interfaces.
2020-01-08 16:10:02.077  INFO 21004 --- [main] trationDelegate$BeanPostProcessorChecker : Bean 'org.springframework.transaction.annotation.ProxyTransactionManagementConfiguration' of type [org.springframework.transaction.annotation.ProxyTransactionManagementConfiguration] is not eligible for getting processed by all BeanPostProcessors (for example: not eligible for auto-proxying)
2020-01-08 16:10:02.265  INFO 21004 --- [main] o.s.b.w.embedded.tomcat.TomcatWebServer  : Tomcat initialized with port(s): 8080 (http)
2020-01-08 16:10:02.271  INFO 21004 --- [main] o.apache.catalina.core.StandardService   : Starting service [Tomcat]
2020-01-08 16:10:02.271  INFO 21004 --- [main] org.apache.catalina.core.StandardEngine  : Starting Servlet engine: [Apache Tomcat/9.0.29]
2020-01-08 16:10:02.348  INFO 21004 --- [main] o.a.c.c.C.[Tomcat].[localhost].[/]       : Initializing Spring embedded WebApplicationContext
2020-01-08 16:10:02.348  INFO 21004 --- [main] o.s.web.context.ContextLoader            : Root WebApplicationContext: initialization completed in 1206 ms
2020-01-08 16:10:02.416  INFO 21004 --- [main] com.zaxxer.hikari.HikariDataSource       : HikariPool-1 - Starting...
2020-01-08 16:10:02.490  INFO 21004 --- [main] com.zaxxer.hikari.HikariDataSource       : HikariPool-1 - Start completed.
2020-01-08 16:10:02.611  INFO 21004 --- [main] o.hibernate.jpa.internal.util.LogHelper  : HHH000204: Processing PersistenceUnitInfo [name: default]
2020-01-08 16:10:02.684  INFO 21004 --- [main] org.hibernate.Version                    : HHH000412: Hibernate Core {5.4.9.Final}
2020-01-08 16:10:02.819  INFO 21004 --- [main] o.hibernate.annotations.common.Version   : HCANN000001: Hibernate Commons Annotations {5.1.0.Final}
2020-01-08 16:10:02.904  INFO 21004 --- [main] org.hibernate.dialect.Dialect            : HHH000400: Using dialect: org.hibernate.dialect.PostgreSQLDialect
2020-01-08 16:10:03.366  INFO 21004 --- [main] o.h.e.t.j.p.i.JtaPlatformInitiator       : HHH000490: Using JtaPlatform implementation: [org.hibernate.engine.transaction.jta.platform.internal.NoJtaPlatform]
2020-01-08 16:10:03.372  INFO 21004 --- [main] j.LocalContainerEntityManagerFactoryBean : Initialized JPA EntityManagerFactory for persistence unit 'default'
2020-01-08 16:10:03.629  INFO 21004 --- [main] org.reflections.Reflections              : Reflections took 29 ms to scan 1 urls, producing 23 keys and 27 values 
2020-01-08 16:10:03.684  WARN 21004 --- [main] JpaBaseConfiguration$JpaWebConfiguration : spring.jpa.open-in-view is enabled by default. Therefore, database queries may be performed during view rendering. Explicitly configure spring.jpa.open-in-view to disable this warning
2020-01-08 16:10:03.770  INFO 21004 --- [main] o.s.s.concurrent.ThreadPoolTaskExecutor  : Initializing ExecutorService 'applicationTaskExecutor'
2020-01-08 16:10:03.818  INFO 21004 --- [main] o.s.b.a.w.s.WelcomePageHandlerMapping    : Adding welcome page: ServletContext resource [/index.html]
2020-01-08 16:10:03.888  INFO 21004 --- [main] o.s.s.c.ThreadPoolTaskScheduler          : Initializing ExecutorService 'taskScheduler'
2020-01-08 16:10:03.943  INFO 21004 --- [main] o.s.b.w.embedded.tomcat.TomcatWebServer  : Tomcat started on port(s): 8080 (http) with context path ''
2020-01-08 16:10:03.945  INFO 21004 --- [main] de.stea1th.greetings.Application         : Started Application in 3.221 seconds (JVM running for 4.141)
2020-01-08 16:10:04.006  INFO 21004 --- [scheduling-1] d.s.g.senders.elements.EmailSender       : Email was sent to: dmitri.pechenkin@foobar.com
2020-01-08 16:10:04.006  INFO 21004 --- [scheduling-1] d.s.g.senders.elements.EmailSender       : Subject: Happy birthday!
2020-01-08 16:10:04.006  INFO 21004 --- [scheduling-1] d.s.g.senders.elements.EmailSender       : "Happy birthday, dear Vadim!"
2020-01-08 16:10:04.006  INFO 21004 --- [scheduling-1] d.s.g.senders.elements.EmailSender       : Email was sent to: stea1th@mail.ru
2020-01-08 16:10:04.006  INFO 21004 --- [scheduling-1] d.s.g.senders.elements.EmailSender       : Subject: Happy birthday!
2020-01-08 16:10:04.006  INFO 21004 --- [scheduling-1] d.s.g.senders.elements.EmailSender       : "Happy birthday, dear Dmitrij!"
2020-01-08 16:10:23.919  INFO 21004 --- [scheduling-1] d.s.g.senders.elements.EmailSender       : Email was sent to: dmitri.pechenkin@foobar.com
2020-01-08 16:10:23.920  INFO 21004 --- [scheduling-1] d.s.g.senders.elements.EmailSender       : Subject: Happy birthday!
2020-01-08 16:10:23.920  INFO 21004 --- [scheduling-1] d.s.g.senders.elements.EmailSender       : "Happy birthday, dear Vadim!"
2020-01-08 16:10:23.920  INFO 21004 --- [scheduling-1] d.s.g.senders.elements.EmailSender       : Email was sent to: stea1th@mail.ru
2020-01-08 16:10:23.920  INFO 21004 --- [scheduling-1] d.s.g.senders.elements.EmailSender       : Subject: Happy birthday!
2020-01-08 16:10:23.920  INFO 21004 --- [scheduling-1] d.s.g.senders.elements.EmailSender       : "Happy birthday, dear Dmitrij!"
2020-01-08 16:10:43.924  INFO 21004 --- [scheduling-1] d.s.g.senders.elements.EmailSender       : Email was sent to: dmitri.pechenkin@foobar.com
2020-01-08 16:10:43.925  INFO 21004 --- [scheduling-1] d.s.g.senders.elements.EmailSender       : Subject: Happy birthday!
2020-01-08 16:10:43.925  INFO 21004 --- [scheduling-1] d.s.g.senders.elements.EmailSender       : "Happy birthday, dear Vadim!"
2020-01-08 16:10:43.926  INFO 21004 --- [scheduling-1] d.s.g.senders.elements.EmailSender       : Email was sent to: stea1th@mail.ru
2020-01-08 16:10:43.926  INFO 21004 --- [scheduling-1] d.s.g.senders.elements.EmailSender       : Subject: Happy birthday!
2020-01-08 16:10:43.926  INFO 21004 --- [scheduling-1] d.s.g.senders.elements.EmailSender       : "Happy birthday, dear Dmitrij!"
2020-01-08 16:11:03.917  INFO 21004 --- [scheduling-1] d.s.g.senders.elements.EmailSender       : Email was sent to: dmitri.pechenkin@foobar.com
2020-01-08 16:11:03.917  INFO 21004 --- [scheduling-1] d.s.g.senders.elements.EmailSender       : Subject: Happy birthday!
2020-01-08 16:11:03.918  INFO 21004 --- [scheduling-1] d.s.g.senders.elements.EmailSender       : "Happy birthday, dear Vadim!"
2020-01-08 16:11:03.918  INFO 21004 --- [scheduling-1] d.s.g.senders.elements.EmailSender       : Email was sent to: stea1th@mail.ru
2020-01-08 16:11:03.918  INFO 21004 --- [scheduling-1] d.s.g.senders.elements.EmailSender       : Subject: Happy birthday!
2020-01-08 16:11:03.918  INFO 21004 --- [scheduling-1] d.s.g.senders.elements.EmailSender       : "Happy birthday, dear Dmitrij!"
2020-01-08 16:11:23.918  INFO 21004 --- [scheduling-1] d.s.g.senders.elements.EmailSender       : Email was sent to: dmitri.pechenkin@foobar.com
2020-01-08 16:11:23.918  INFO 21004 --- [scheduling-1] d.s.g.senders.elements.EmailSender       : Subject: Happy birthday!
2020-01-08 16:11:23.918  INFO 21004 --- [scheduling-1] d.s.g.senders.elements.EmailSender       : "Happy birthday, dear Vadim!"
2020-01-08 16:11:23.918  INFO 21004 --- [scheduling-1] d.s.g.senders.elements.EmailSender       : Email was sent to: stea1th@mail.ru
2020-01-08 16:11:23.918  INFO 21004 --- [scheduling-1] d.s.g.senders.elements.EmailSender       : Subject: Happy birthday!
2020-01-08 16:11:23.919  INFO 21004 --- [scheduling-1] d.s.g.senders.elements.EmailSender       : "Happy birthday, dear Dmitrij!"
2020-01-08 16:11:43.919  INFO 21004 --- [scheduling-1] d.s.g.senders.elements.EmailSender       : Email was sent to: dmitri.pechenkin@foobar.com
2020-01-08 16:11:43.919  INFO 21004 --- [scheduling-1] d.s.g.senders.elements.EmailSender       : Subject: Happy birthday!
2020-01-08 16:11:43.919  INFO 21004 --- [scheduling-1] d.s.g.senders.elements.EmailSender       : "Happy birthday, dear Vadim!"
2020-01-08 16:11:43.919  INFO 21004 --- [scheduling-1] d.s.g.senders.elements.EmailSender       : Email was sent to: stea1th@mail.ru
2020-01-08 16:11:43.919  INFO 21004 --- [scheduling-1] d.s.g.senders.elements.EmailSender       : Subject: Happy birthday!
2020-01-08 16:11:43.920  INFO 21004 --- [scheduling-1] d.s.g.senders.elements.EmailSender       : "Happy birthday, dear Dmitrij!"
2020-01-08 16:12:03.919  INFO 21004 --- [scheduling-1] d.s.g.senders.elements.EmailSender       : Email was sent to: dmitri.pechenkin@foobar.com
2020-01-08 16:12:03.920  INFO 21004 --- [scheduling-1] d.s.g.senders.elements.EmailSender       : Subject: Happy birthday!
2020-01-08 16:12:03.920  INFO 21004 --- [scheduling-1] d.s.g.senders.elements.EmailSender       : "Happy birthday, dear Vadim!"
2020-01-08 16:12:03.920  INFO 21004 --- [scheduling-1] d.s.g.senders.elements.EmailSender       : Email was sent to: stea1th@mail.ru
2020-01-08 16:12:03.920  INFO 21004 --- [scheduling-1] d.s.g.senders.elements.EmailSender       : Subject: Happy birthday!
2020-01-08 16:12:03.920  INFO 21004 --- [scheduling-1] d.s.g.senders.elements.EmailSender       : "Happy birthday, dear Dmitrij!"
2020-01-08 16:12:23.923  INFO 21004 --- [scheduling-1] d.s.g.senders.elements.EmailSender       : Email was sent to: dmitri.pechenkin@foobar.com
2020-01-08 16:12:23.923  INFO 21004 --- [scheduling-1] d.s.g.senders.elements.EmailSender       : Subject: Happy birthday!
2020-01-08 16:12:23.924  INFO 21004 --- [scheduling-1] d.s.g.senders.elements.EmailSender       : "Happy birthday, dear Vadim!"
2020-01-08 16:12:23.924  INFO 21004 --- [scheduling-1] d.s.g.senders.elements.EmailSender       : Email was sent to: stea1th@mail.ru
2020-01-08 16:12:23.924  INFO 21004 --- [scheduling-1] d.s.g.senders.elements.EmailSender       : Subject: Happy birthday!
2020-01-08 16:12:23.924  INFO 21004 --- [scheduling-1] d.s.g.senders.elements.EmailSender       : "Happy birthday, dear Dmitrij!"
2020-01-08 16:12:43.920  INFO 21004 --- [scheduling-1] d.s.g.senders.elements.EmailSender       : Email was sent to: dmitri.pechenkin@foobar.com
2020-01-08 16:12:43.920  INFO 21004 --- [scheduling-1] d.s.g.senders.elements.EmailSender       : Subject: Happy birthday!
2020-01-08 16:12:43.920  INFO 21004 --- [scheduling-1] d.s.g.senders.elements.EmailSender       : "Happy birthday, dear Vadim!"
2020-01-08 16:12:43.921  INFO 21004 --- [scheduling-1] d.s.g.senders.elements.EmailSender       : Email was sent to: stea1th@mail.ru
2020-01-08 16:12:43.921  INFO 21004 --- [scheduling-1] d.s.g.senders.elements.EmailSender       : Subject: Happy birthday!
2020-01-08 16:12:43.921  INFO 21004 --- [scheduling-1] d.s.g.senders.elements.EmailSender       : "Happy birthday, dear Dmitrij!"
2020-01-08 16:13:03.921  INFO 21004 --- [scheduling-1] d.s.g.senders.elements.EmailSender       : Email was sent to: dmitri.pechenkin@foobar.com
2020-01-08 16:13:03.922  INFO 21004 --- [scheduling-1] d.s.g.senders.elements.EmailSender       : Subject: Happy birthday!
2020-01-08 16:13:03.922  INFO 21004 --- [scheduling-1] d.s.g.senders.elements.EmailSender       : "Happy birthday, dear Vadim!"
2020-01-08 16:13:03.923  INFO 21004 --- [scheduling-1] d.s.g.senders.elements.EmailSender       : Email was sent to: stea1th@mail.ru
2020-01-08 16:13:03.923  INFO 21004 --- [scheduling-1] d.s.g.senders.elements.EmailSender       : Subject: Happy birthday!
2020-01-08 16:13:03.923  INFO 21004 --- [scheduling-1] d.s.g.senders.elements.EmailSender       : "Happy birthday, dear Dmitrij!"
2020-01-08 16:13:23.919  INFO 21004 --- [scheduling-1] d.s.g.senders.elements.EmailSender       : Email was sent to: dmitri.pechenkin@foobar.com
2020-01-08 16:13:23.920  INFO 21004 --- [scheduling-1] d.s.g.senders.elements.EmailSender       : Subject: Happy birthday!
2020-01-08 16:13:23.920  INFO 21004 --- [scheduling-1] d.s.g.senders.elements.EmailSender       : "Happy birthday, dear Vadim!"
2020-01-08 16:13:23.920  INFO 21004 --- [scheduling-1] d.s.g.senders.elements.EmailSender       : Email was sent to: stea1th@mail.ru
2020-01-08 16:13:23.921  INFO 21004 --- [scheduling-1] d.s.g.senders.elements.EmailSender       : Subject: Happy birthday!
2020-01-08 16:13:23.921  INFO 21004 --- [scheduling-1] d.s.g.senders.elements.EmailSender       : "Happy birthday, dear Dmitrij!"
